<?xml version="1.0" encoding="UTF-8"?>
<testsuite xmlns:xsi="http://www.w3.org/2001/XMLSchema-instance" xsi:noNamespaceSchemaLocation="https://maven.apache.org/surefire/maven-surefire-plugin/xsd/surefire-test-report.xsd" name="cucumberOptions.TestRunnerTestNg" time="0.879" tests="4" errors="0" skipped="0" failures="0">
  <properties>
[...]
</properties>
  <testcase name="runScenario" classname="cucumberOptions.TestRunnerTestNg" time="0.149"/>
  <testcase name="runScenario" classname="cucumberOptions.TestRunnerTestNg" time="0.003"/>
  <testcase name="runScenario" classname="cucumberOptions.TestRunnerTestNg" time="0.007"/>
  <testcase name="runScenario" classname="cucumberOptions.TestRunnerTestNg" time="0.012"/>
</testsuite>