<?xml version="1.0" encoding="UTF-8"?>
<!-- Generated by org.testng.reporters.JUnitXMLReporter -->
<testsuite ignored="0" hostname="DESKTOP-7EPLT3L" failures="0" tests="6" name="Surefire test" time="0.045" errors="0" timestamp="2021-08-03T10:11:32 IST">
  <testcase classname="AnveshTesting.appiumTest" name="TestApps on TestApps(AnveshTesting.appiumTest)" time="0.005"/>
  <testcase classname="AnveshTesting.appiumTest" name="NavtiveApps on NavtiveApps(AnveshTesting.appiumTest)" time="0.005"/>
  <testcase classname="AnveshTesting.restAPITest" name="API1 on API1(AnveshTesting.restAPITest)" time="0.0"/>
  <testcase classname="AnveshTesting.restAPITest" name="API2 on API2(AnveshTesting.restAPITest)" time="0.0"/>
  <testcase classname="AnveshTesting.seleniumTest" name="elements on elements(AnveshTesting.seleniumTest)" time="0.0"/>
  <testcase classname="AnveshTesting.seleniumTest" name="BrowserAutomation on BrowserAutomation(AnveshTesting.seleniumTest)" time="0.001"/>
</testsuite> <!-- Surefire test -->
