<?xml version="1.0" encoding="UTF-8"?>
<testng-results ignored="0" total="0" passed="0" failed="0" skipped="0">
  <reporter-output>
  </reporter-output>
  <suite started-at="2021-08-04T01:12:56 IST" name="Default suite" finished-at="2021-08-04T01:12:56 IST" duration-ms="198">
    <groups>
      <group name="cucumber">
        <method signature="AbstractTestNGCucumberTests.runScenario(io.cucumber.testng.PickleWrapper,io.cucumber.testng.FeatureWrapper)[pri:0, instance:AnveshTesting.testRunnerTestNG@50eac852]" name="runScenario" class="io.cucumber.testng.AbstractTestNGCucumberTests"/>
      </group> <!-- cucumber -->
    </groups>
    <test started-at="2021-08-04T01:12:56 IST" name="Default test" finished-at="2021-08-04T01:12:56 IST" duration-ms="198">
      <class name="AnveshTesting.testRunnerTestNG">
        <test-method is-config="true" signature="setUpClass()[pri:0, instance:AnveshTesting.testRunnerTestNG@50eac852]" started-at="2021-08-04T01:12:56 IST" name="setUpClass" finished-at="2021-08-04T01:12:56 IST" duration-ms="163" status="PASS">
          <reporter-output>
          </reporter-output>
        </test-method> <!-- setUpClass -->
        <test-method is-config="true" signature="tearDownClass()[pri:0, instance:AnveshTesting.testRunnerTestNG@50eac852]" started-at="2021-08-04T01:12:56 IST" name="tearDownClass" finished-at="2021-08-04T01:12:56 IST" duration-ms="9" status="PASS">
          <reporter-output>
          </reporter-output>
        </test-method> <!-- tearDownClass -->
      </class> <!-- AnveshTesting.testRunnerTestNG -->
    </test> <!-- Default test -->
  </suite> <!-- Default suite -->
</testng-results>
